app/build/outputs/mapping/release/seeds.txt
shop.bharatlinker.twa.DelegationService
shop.bharatlinker.twa.LauncherActivity
shop.bharatlinker.twa.Application
shop.bharatlinker.twa.Application: Application()
shop.bharatlinker.twa.LauncherActivity: LauncherActivity()
shop.bharatlinker.twa.DelegationService: DelegationService()
...
com.google.android.gms.dynamite.DynamiteModule$DynamiteLoaderClassLoader
androidx.savedstate.SavedStateRegistry$1
com.google.androidbrowserhelper.playbilling.provider.PaymentService
androidx.lifecycle.SavedStateHandleController$1
com.google.android.gms.common.GooglePlayServicesMissingManifestValueException
com.google.android.gms.common.internal.ReflectedParcelable
androidx.annotation.Keep
androidx.lifecycle.LiveData$LifecycleBoundObserver
com.android.billingclient.api.PurchaseHistoryRecord
com.android.billingclient.api.ProxyBillingActivityV2
com.google.androidbrowserhelper.trusted.WebViewFallbackActivity
androidx.activity.ImmLeaksCleaner
com.google.android.gms.auth.api.signin.GoogleSignInAccount
com.google.android.gms.location.LocationResult
androidx.browser.browseractions.BrowserActionsFallbackMenuView
com.google.android.gms.location.LocationAvailability
com.google.android.datatransport.runtime.backends.TransportBackendDiscovery
androidx.core.content.FileProvider
com.google.android.gms.common.annotation.KeepName
androidx.core.graphics.drawable.IconCompatParcelizer
com.google.android.gms.common.api.internal.LifecycleCallback
androidx.core.graphics.drawable.IconCompat
androidx.activity.OnBackPressedDispatcher$LifecycleOnBackPressedCancellable
com.google.androidbrowserhelper.locationdelegation.PermissionRequestActivity
com.google.android.datatransport.runtime.scheduling.jobscheduling.JobInfoSchedulerService
androidx.activity.ComponentActivity$3
com.google.androidbrowserhelper.trusted.NotificationPermissionRequestActivity
android.support.v4.app.RemoteActionCompatParcelizer
com.google.android.gms.common.util.DynamiteApi
com.android.billingclient.api.SkuDetails
androidx.core.app.CoreComponentFactory
com.google.androidbrowserhelper.trusted.ManageDataLauncherActivity
com.google.androidbrowserhelper.playbilling.provider.PaymentActivity
com.google.android.gms.common.GooglePlayServicesIncorrectManifestValueException
com.google.android.gms.internal.play_billing.zzgr: int zze
com.google.android.gms.location.zzac: android.os.Parcelable$Creator CREATOR
androidx.lifecycle.Lifecycle$Event: androidx.lifecycle.Lifecycle$Event ON_STOP
com.google.android.gms.auth.api.signin.GoogleSignInAccount: android.os.Parcelable$Creator CREATOR
com.google.android.gms.internal.play_billing.zzhl: com.google.android.gms.internal.play_billing.zzhe zzh
com.google.android.gms.common.internal.zav: android.os.Parcelable$Creator CREATOR
com.google.android.gms.internal.play_billing.zzhl: java.lang.Object zzf
androidx.versionedparcelable.ParcelImpl: android.os.Parcelable$Creator CREATOR
androidx.activity.result.ActivityResult: android.os.Parcelable$Creator CREATOR
com.google.android.gms.internal.play_billing.zzhb: com.google.android.gms.internal.play_billing.zzhb zzb
com.google.android.gms.internal.play_billing.zzho: com.google.android.gms.internal.play_billing.zzdk zze
com.google.android.gms.internal.play_billing.zzgy: com.google.android.gms.internal.play_billing.zzgy zzd
com.google.android.gms.common.internal.GetServiceRequest: android.os.Parcelable$Creator CREATOR
com.google.android.gms.dynamite.DynamiteModule$DynamiteLoaderClassLoader: java.lang.ClassLoader sClassLoader
com.google.android.gms.internal.play_billing.zzhl: com.google.android.gms.internal.play_billing.zzhl zzb
com.google.android.gms.common.internal.zat: android.os.Parcelable$Creator CREATOR
androidx.lifecycle.Lifecycle$Event: androidx.lifecycle.Lifecycle$Event[] $VALUES
androidx.lifecycle.Lifecycle$Event: androidx.lifecycle.Lifecycle$Event ON_ANY
com.google.android.gms.common.api.Scope: android.os.Parcelable$Creator CREATOR
androidx.fragment.app.BackStackState: android.os.Parcelable$Creator CREATOR
com.google.android.gms.internal.play_billing.zzgl: int zze
com.google.android.gms.internal.play_billing.zzhe: boolean zze
com.google.android.gms.common.internal.RootTelemetryConfiguration: android.os.Parcelable$Creator CREATOR