app/build/outputs/mapping/release/mapping.txt
# compiler: R8
# compiler_version: 8.5.10
# min_api: 21
# common_typos_disable
# {"id":"com.android.tools.r8.mapping","version":"2.2"}
# pg_map_id: b6988db
# pg_map_hash: SHA-256 b6988dbc0fd873154e598e04d9fac7345cd46412be7a2f49aca68d0e26b08c6b
shop.bharatlinker.twa.Application -> shop.bharatlinker.twa.Application:
# {"id":"sourceFile","fileName":"Application.java"}
shop.bharatlinker.twa.DelegationService -> shop.bharatlinker.twa.DelegationService:
# {"id":"sourceFile","fileName":"DelegationService.java"}
shop.bharatlinker.twa.LauncherActivity -> shop.bharatlinker.twa.LauncherActivity:
# {"id":"sourceFile","fileName":"LauncherActivity.java"}
    1:1:android.net.Uri getLaunchingUrl():0:0 -> h
...
com.google.android.datatransport.runtime.synchronization.SynchronizationGuard -> H.b:
# {"id":"sourceFile","fileName":"SynchronizationGuard.java"}
    java.lang.Object runCriticalSection(com.google.android.datatransport.runtime.synchronization.SynchronizationGuard$CriticalSection) -> m
      # {"id":"com.android.tools.r8.residualsignature","signature":"(LH/b$a;)Ljava/lang/Object;"}
com.google.android.datatransport.runtime.synchronization.SynchronizationGuard$CriticalSection -> H.b$a:
# {"id":"sourceFile","fileName":"SynchronizationGuard.java"}
    java.lang.Object execute() -> a
com.google.android.datatransport.runtime.time.Clock -> I.a:
# {"id":"sourceFile","fileName":"Clock.java"}
    long getTime() -> a
com.google.android.datatransport.runtime.time.TimeModule -> I.b:
# {"id":"sourceFile","fileName":"TimeModule.java"}
    1:6:com.google.android.datatransport.runtime.time.Clock eventClock():0:0 -> a
      # {"id":"com.android.tools.r8.residualsignature","signature":"()LI/a;"}
    1:6:com.google.android.datatransport.runtime.time.Clock uptimeClock():0:0 -> b
      # {"id":"com.android.tools.r8.residualsignature","signature":"()LI/a;"}
com.google.android.datatransport.runtime.time.TimeModule_EventClockFactory -> I.c:
# {"id":"sourceFile","fileName":"TimeModule_EventClockFactory.java"}
    1:4:void <init>():0:0 -> <init>
    1:5:java.lang.Object get():0:0 -> a
    1:5:com.google.android.datatransport.runtime.time.TimeModule_EventClockFactory create():0:0 -> b
      # {"id":"com.android.tools.r8.residualsignature","signature":"()LI/c;"}
    1:13:com.google.android.datatransport.runtime.time.Clock eventClock():0:0 -> c
      # {"id":"com.android.tools.r8.residualsignature","signature":"()LI/a;"}
    1:5:com.google.android.datatransport.runtime.time.Clock get():0:0 -> d
      # {"id":"com.android.tools.r8.residualsignature","signature":"()LI/a;"}
com.google.android.datatransport.runtime.time.TimeModule_EventClockFactory$InstanceHolder -> I.c$a:
# {"id":"sourceFile","fileName":"TimeModule_EventClockFactory.java"}
    com.google.android.datatransport.runtime.time.TimeModule_EventClockFactory INSTANCE -> a
      # {"id":"com.android.tools.r8.residualsignature","signature":"LI/c;"}
    1:8:void <clinit>():0:0 -> <clinit>
    1:3:com.google.android.datatransport.runtime.time.TimeModule_EventClockFactory access$000():0:0 -> a
      # {"id":"com.android.tools.r8.residualsignature","signature":"()LI/c;"}
com.google.android.datatransport.runtime.time.TimeModule_UptimeClockFactory -> I.d:
# {"id":"sourceFile","fileName":"TimeModule_UptimeClockFactory.java"}
    1:4:void <init>():0:0 -> <init>
    1:5:java.lang.Object get():0:0 -> a
    1:5:com.google.android.datatransport.runtime.time.TimeModule_UptimeClockFactory create():0:0 -> b
      # {"id":"com.android.tools.r8.residualsignature","signature":"()LI/d;"}
    1:5:com.google.android.datatransport.runtime.time.Clock get():0:0 -> c
      # {"id":"com.android.tools.r8.residualsignature","signature":"()LI/a;"}
    1:13:com.google.android.datatransport.runtime.time.Clock uptimeClock():0:0 -> d
      # {"id":"com.android.tools.r8.residualsignature","signature":"()LI/a;"}
com.google.android.datatransport.runtime.time.TimeModule_UptimeClockFactory$InstanceHolder -> I.d$a:
# {"id":"sourceFile","fileName":"TimeModule_UptimeClockFactory.java"}
    com.google.android.datatransport.runtime.time.TimeModule_UptimeClockFactory INSTANCE -> a
      # {"id":"com.android.tools.r8.residualsignature","signature":"LI/d;"}
    1:8:void <clinit>():0:0 -> <clinit>
    1:3:com.google.android.datatransport.runtime.time.TimeModule_UptimeClockFactory access$000():0:0 -> a
      # {"id":"com.android.tools.r8.residualsignature","signature":"()LI/d;"}
com.google.android.datatransport.runtime.time.UptimeClock -> I.e:
# {"id":"sourceFile","fileName":"UptimeClock.java"}
    1:4:void <init>():0:0 -> <init>
    1:5:long getTime():0:0 -> a